Started GET "/listings/1" for ::1 at 2019-09-24 15:03:58 +0200
  
ActionController::RoutingError (No route matches [GET] "/listings/1"):
  
actionpack (5.2.3) lib/action_dispatch/middleware/debug_exceptions.rb:65:in `call'
web-console (3.7.0) lib/web_console/middleware.rb:135:in `call_app'
web-console (3.7.0) lib/web_console/middleware.rb:30:in `block in call'
web-console (3.7.0) lib/web_console/middleware.rb:20:in `catch'
web-console (3.7.0) lib/web_console/middleware.rb:20:in `call'
actionpack (5.2.3) lib/action_dispatch/middleware/show_exceptions.rb:33:in `call'
railties (5.2.3) lib/rails/rack/logger.rb:38:in `call_app'
railties (5.2.3) lib/rails/rack/logger.rb:26:in `block in call'
activesupport (5.2.3) lib/active_support/tagged_logging.rb:71:in `block in tagged'
activesupport (5.2.3) lib/active_support/tagged_logging.rb:28:in `tagged'
activesupport (5.2.3) lib/active_support/tagged_logging.rb:71:in `tagged'
railties (5.2.3) lib/rails/rack/logger.rb:26:in `call'
sprockets-rails (3.2.1) lib/sprockets/rails/quiet_assets.rb:13:in `call'
actionpack (5.2.3) lib/action_dispatch/middleware/remote_ip.rb:81:in `call'
actionpack (5.2.3) lib/action_dispatch/middleware/request_id.rb:27:in `call'
rack (2.0.7) lib/rack/method_override.rb:22:in `call'
rack (2.0.7) lib/rack/runtime.rb:22:in `call'
activesupport (5.2.3) lib/active_support/cache/strategy/local_cache_middleware.rb:29:in `call'
actionpack (5.2.3) lib/action_dispatch/middleware/executor.rb:14:in `call'
actionpack (5.2.3) lib/action_dispatch/middleware/static.rb:127:in `call'
rack (2.0.7) lib/rack/sendfile.rb:111:in `call'
railties (5.2.3) lib/rails/engine.rb:524:in `call'
puma (3.12.1) lib/puma/configuration.rb:227:in `call'
puma (3.12.1) lib/puma/server.rb:660:in `handle_request'
puma (3.12.1) lib/puma/server.rb:474:in `process_client'
puma (3.12.1) lib/puma/server.rb:334:in `block in run'
puma (3.12.1) lib/puma/thread_pool.rb:135:in `block in spawn_thread'
Started GET "/listings" for ::1 at 2019-09-24 15:04:02 +0200
  
ActionController::RoutingError (No route matches [GET] "/listings"):
  
actionpack (5.2.3) lib/action_dispatch/middleware/debug_exceptions.rb:65:in `call'
web-console (3.7.0) lib/web_console/middleware.rb:135:in `call_app'
web-console (3.7.0) lib/web_console/middleware.rb:30:in `block in call'
web-console (3.7.0) lib/web_console/middleware.rb:20:in `catch'
web-console (3.7.0) lib/web_console/middleware.rb:20:in `call'
actionpack (5.2.3) lib/action_dispatch/middleware/show_exceptions.rb:33:in `call'
railties (5.2.3) lib/rails/rack/logger.rb:38:in `call_app'
railties (5.2.3) lib/rails/rack/logger.rb:26:in `block in call'
activesupport (5.2.3) lib/active_support/tagged_logging.rb:71:in `block in tagged'
activesupport (5.2.3) lib/active_support/tagged_logging.rb:28:in `tagged'
activesupport (5.2.3) lib/active_support/tagged_logging.rb:71:in `tagged'
railties (5.2.3) lib/rails/rack/logger.rb:26:in `call'
sprockets-rails (3.2.1) lib/sprockets/rails/quiet_assets.rb:13:in `call'
actionpack (5.2.3) lib/action_dispatch/middleware/remote_ip.rb:81:in `call'
actionpack (5.2.3) lib/action_dispatch/middleware/request_id.rb:27:in `call'
rack (2.0.7) lib/rack/method_override.rb:22:in `call'
rack (2.0.7) lib/rack/runtime.rb:22:in `call'
activesupport (5.2.3) lib/active_support/cache/strategy/local_cache_middleware.rb:29:in `call'
actionpack (5.2.3) lib/action_dispatch/middleware/executor.rb:14:in `call'
actionpack (5.2.3) lib/action_dispatch/middleware/static.rb:127:in `call'
rack (2.0.7) lib/rack/sendfile.rb:111:in `call'
railties (5.2.3) lib/rails/engine.rb:524:in `call'
puma (3.12.1) lib/puma/configuration.rb:227:in `call'
puma (3.12.1) lib/puma/server.rb:660:in `handle_request'
puma (3.12.1) lib/puma/server.rb:474:in `process_client'
puma (3.12.1) lib/puma/server.rb:334:in `block in run'
puma (3.12.1) lib/puma/thread_pool.rb:135:in `block in spawn_thread'
Started GET "/" for ::1 at 2019-09-24 15:04:09 +0200
Processing by Rails::WelcomeController#index as HTML
  Rendering /home/thesamantha/.rbenv/versions/2.6.3/lib/ruby/gems/2.6.0/gems/railties-5.2.3/lib/rails/templates/rails/welcome/index.html.erb
  Rendered /home/thesamantha/.rbenv/versions/2.6.3/lib/ruby/gems/2.6.0/gems/railties-5.2.3/lib/rails/templates/rails/welcome/index.html.erb (3.7ms)
Completed 200 OK in 23ms (Views: 21.0ms | ActiveRecord: 0.0ms)


  [1m[35m (0.1ms)[0m  [1m[34mSELECT sqlite_version(*)[0m
  ↳ bin/rails:9
  [1m[35m (11.5ms)[0m  [1m[35mCREATE TABLE "schema_migrations" ("version" varchar NOT NULL PRIMARY KEY)[0m
  ↳ bin/rails:9
  [1m[35m (17.1ms)[0m  [1m[35mCREATE TABLE "ar_internal_metadata" ("key" varchar NOT NULL PRIMARY KEY, "value" varchar, "created_at" datetime NOT NULL, "updated_at" datetime NOT NULL)[0m
  ↳ bin/rails:9
  [1m[35m (0.2ms)[0m  [1m[34mSELECT "schema_migrations"."version" FROM "schema_migrations" ORDER BY "schema_migrations"."version" ASC[0m
  ↳ bin/rails:9
Migrating to CreateListings (20190924130605)
  [1m[35m (0.1ms)[0m  [1m[36mbegin transaction[0m
  ↳ bin/rails:9
  [1m[35m (4.9ms)[0m  [1m[35mCREATE TABLE "listings" ("id" integer PRIMARY KEY AUTOINCREMENT NOT NULL, "created_at" datetime NOT NULL, "updated_at" datetime NOT NULL)[0m
  ↳ db/migrate/20190924130605_create_listings.rb:3
  [1m[36mActiveRecord::SchemaMigration Create (0.4ms)[0m  [1m[32mINSERT INTO "schema_migrations" ("version") VALUES (?)[0m  [["version", "20190924130605"]]
  ↳ bin/rails:9
  [1m[35m (14.8ms)[0m  [1m[36mcommit transaction[0m
  ↳ bin/rails:9
Migrating to AddTitleToListings (20190924130747)
  [1m[35m (0.1ms)[0m  [1m[36mbegin transaction[0m
  ↳ bin/rails:9
  [1m[35m (2.7ms)[0m  [1m[35mALTER TABLE "listings" ADD "title" varchar[0m
  ↳ db/migrate/20190924130747_add_title_to_listings.rb:3
  [1m[36mActiveRecord::SchemaMigration Create (1.1ms)[0m  [1m[32mINSERT INTO "schema_migrations" ("version") VALUES (?)[0m  [["version", "20190924130747"]]
  ↳ bin/rails:9
  [1m[35m (9.7ms)[0m  [1m[36mcommit transaction[0m
  ↳ bin/rails:9
  [1m[36mActiveRecord::InternalMetadata Load (0.2ms)[0m  [1m[34mSELECT  "ar_internal_metadata".* FROM "ar_internal_metadata" WHERE "ar_internal_metadata"."key" = ? LIMIT ?[0m  [["key", "environment"], ["LIMIT", 1]]
  ↳ bin/rails:9
  [1m[35m (0.0ms)[0m  [1m[36mbegin transaction[0m
  ↳ bin/rails:9
  [1m[36mActiveRecord::InternalMetadata Create (2.7ms)[0m  [1m[32mINSERT INTO "ar_internal_metadata" ("key", "value", "created_at", "updated_at") VALUES (?, ?, ?, ?)[0m  [["key", "environment"], ["value", "development"], ["created_at", "2019-09-24 13:08:27.594065"], ["updated_at", "2019-09-24 13:08:27.594065"]]
  ↳ bin/rails:9
  [1m[35m (10.2ms)[0m  [1m[36mcommit transaction[0m
  ↳ bin/rails:9
  [1m[35m (0.2ms)[0m  [1m[34mSELECT "schema_migrations"."version" FROM "schema_migrations" ORDER BY "schema_migrations"."version" ASC[0m
  ↳ bin/rails:9
  [1m[35m (0.1ms)[0m  [1m[36mbegin transaction[0m
  [1m[36mListing Create (13.3ms)[0m  [1m[32mINSERT INTO "listings" ("created_at", "updated_at", "title") VALUES (?, ?, ?)[0m  [["created_at", "2019-09-24 13:09:06.953775"], ["updated_at", "2019-09-24 13:09:06.953775"], ["title", "Chemistry Research Position"]]
  [1m[35m (14.1ms)[0m  [1m[36mcommit transaction[0m
Started GET "/listings/1" for ::1 at 2019-09-24 15:09:34 +0200
  [1m[35m (0.3ms)[0m  [1m[34mSELECT "schema_migrations"."version" FROM "schema_migrations" ORDER BY "schema_migrations"."version" ASC[0m
  ↳ /home/thesamantha/.rbenv/versions/2.6.3/lib/ruby/gems/2.6.0/gems/activerecord-5.2.3/lib/active_record/log_subscriber.rb:98
Processing by ListingsController#show as HTML
  Parameters: {"id"=>"1"}
  [1m[36mListing Load (0.2ms)[0m  [1m[34mSELECT  "listings".* FROM "listings" WHERE "listings"."id" = ? LIMIT ?[0m  [["id", 1], ["LIMIT", 1]]
  ↳ app/controllers/listings_controller.rb:67
  Rendering listings/show.html.erb within layouts/application
  Rendered listings/show.html.erb within layouts/application (2.3ms)
Completed 200 OK in 1636ms (Views: 1610.7ms | ActiveRecord: 0.9ms)


Started GET "/listings" for ::1 at 2019-09-24 15:09:38 +0200
Processing by ListingsController#index as HTML
  Rendering listings/index.html.erb within layouts/application
  [1m[36mListing Load (0.7ms)[0m  [1m[34mSELECT "listings".* FROM "listings"[0m
  ↳ app/views/listings/index.html.erb:13
  Rendered listings/index.html.erb within layouts/application (14.7ms)
Completed 200 OK in 67ms (Views: 64.2ms | ActiveRecord: 0.7ms)


Started GET "/listings/1" for ::1 at 2019-09-24 15:12:23 +0200
  [1m[35m (0.2ms)[0m  [1m[34mSELECT "schema_migrations"."version" FROM "schema_migrations" ORDER BY "schema_migrations"."version" ASC[0m
  ↳ /home/thesamantha/.rbenv/versions/2.6.3/lib/ruby/gems/2.6.0/gems/activerecord-5.2.3/lib/active_record/log_subscriber.rb:98
Processing by ListingsController#show as HTML
  Parameters: {"id"=>"1"}
  [1m[36mListing Load (0.4ms)[0m  [1m[34mSELECT  "listings".* FROM "listings" WHERE "listings"."id" = ? LIMIT ?[0m  [["id", 1], ["LIMIT", 1]]
  ↳ app/controllers/listings_controller.rb:68
Completed 500 Internal Server Error in 22ms (ActiveRecord: 1.6ms)


  
NameError (uninitialized constant ListingsController::Lisitng):
  
app/controllers/listings_controller.rb:13:in `show'
Started GET "/listings/1" for ::1 at 2019-09-24 15:12:38 +0200
Processing by ListingsController#show as HTML
  Parameters: {"id"=>"1"}
  [1m[36mListing Load (0.5ms)[0m  [1m[34mSELECT  "listings".* FROM "listings" WHERE "listings"."id" = ? LIMIT ?[0m  [["id", 1], ["LIMIT", 1]]
  ↳ app/controllers/listings_controller.rb:68
  [1m[36mCACHE Listing Load (0.0ms)[0m  [1m[34mSELECT  "listings".* FROM "listings" WHERE "listings"."id" = ? LIMIT ?[0m  [["id", 1], ["LIMIT", 1]]
  ↳ app/controllers/listings_controller.rb:13
  Rendering listings/show.html.erb within layouts/application
  Rendered listings/show.html.erb within layouts/application (1.7ms)
Completed 200 OK in 389ms (Views: 363.1ms | ActiveRecord: 3.2ms)


Started GET "/listings/1" for ::1 at 2019-09-24 15:12:55 +0200
Processing by ListingsController#show as HTML
  Parameters: {"id"=>"1"}
  [1m[36mListing Load (0.2ms)[0m  [1m[34mSELECT  "listings".* FROM "listings" WHERE "listings"."id" = ? LIMIT ?[0m  [["id", 1], ["LIMIT", 1]]
  ↳ app/controllers/listings_controller.rb:68
  [1m[36mCACHE Listing Load (0.0ms)[0m  [1m[34mSELECT  "listings".* FROM "listings" WHERE "listings"."id" = ? LIMIT ?[0m  [["id", 1], ["LIMIT", 1]]
  ↳ app/controllers/listings_controller.rb:13
  Rendering listings/show.html.erb within layouts/application
  Rendered listings/show.html.erb within layouts/application (0.6ms)
Completed 200 OK in 38ms (Views: 33.4ms | ActiveRecord: 0.3ms)


Started GET "/listings/1" for ::1 at 2019-09-24 15:41:41 +0200
  [1m[35m (0.2ms)[0m  [1m[34mSELECT "schema_migrations"."version" FROM "schema_migrations" ORDER BY "schema_migrations"."version" ASC[0m
  ↳ /home/thesamantha/.rbenv/versions/2.6.3/lib/ruby/gems/2.6.0/gems/activerecord-5.2.3/lib/active_record/log_subscriber.rb:98
Processing by ListingsController#show as */*
  Parameters: {"id"=>"1"}
  [1m[36mListing Load (0.3ms)[0m  [1m[34mSELECT  "listings".* FROM "listings" WHERE "listings"."id" = ? LIMIT ?[0m  [["id", 1], ["LIMIT", 1]]
  ↳ app/controllers/listings_controller.rb:69
  [1m[36mCACHE Listing Load (0.0ms)[0m  [1m[34mSELECT  "listings".* FROM "listings" WHERE "listings"."id" = ? LIMIT ?[0m  [["id", 1], ["LIMIT", 1]]
  ↳ app/controllers/listings_controller.rb:13
  Rendering listings/show.html.erb within layouts/application
  Rendered listings/show.html.erb within layouts/application (1.1ms)
Completed 200 OK in 372ms (Views: 343.9ms | ActiveRecord: 1.9ms)


Started GET "/listings/1" for ::1 at 2019-09-24 15:52:00 +0200
Processing by ListingsController#show as */*
  Parameters: {"id"=>"1"}
  [1m[36mListing Load (0.2ms)[0m  [1m[34mSELECT  "listings".* FROM "listings" WHERE "listings"."id" = ? LIMIT ?[0m  [["id", 1], ["LIMIT", 1]]
  ↳ app/controllers/listings_controller.rb:73
  [1m[36mCACHE Listing Load (0.0ms)[0m  [1m[34mSELECT  "listings".* FROM "listings" WHERE "listings"."id" = ? LIMIT ?[0m  [["id", 1], ["LIMIT", 1]]
  ↳ app/controllers/listings_controller.rb:13
Completed 200 OK in 13ms (Views: 0.5ms | ActiveRecord: 1.1ms)


Started GET "/listings/1" for ::1 at 2019-09-24 15:52:29 +0200
Processing by ListingsController#show as HTML
  Parameters: {"id"=>"1"}
  [1m[36mListing Load (0.2ms)[0m  [1m[34mSELECT  "listings".* FROM "listings" WHERE "listings"."id" = ? LIMIT ?[0m  [["id", 1], ["LIMIT", 1]]
  ↳ app/controllers/listings_controller.rb:73
  [1m[36mCACHE Listing Load (0.0ms)[0m  [1m[34mSELECT  "listings".* FROM "listings" WHERE "listings"."id" = ? LIMIT ?[0m  [["id", 1], ["LIMIT", 1]]
  ↳ app/controllers/listings_controller.rb:13
Completed 406 Not Acceptable in 3ms (ActiveRecord: 0.2ms)


  
ActionController::UnknownFormat (ActionController::UnknownFormat):
  
app/controllers/listings_controller.rb:14:in `show'
Started GET "/listings/1" for ::1 at 2019-09-24 15:53:07 +0200
Processing by ListingsController#show as HTML
  Parameters: {"id"=>"1"}
  [1m[36mListing Load (0.1ms)[0m  [1m[34mSELECT  "listings".* FROM "listings" WHERE "listings"."id" = ? LIMIT ?[0m  [["id", 1], ["LIMIT", 1]]
  ↳ app/controllers/listings_controller.rb:76
  [1m[36mCACHE Listing Load (0.0ms)[0m  [1m[34mSELECT  "listings".* FROM "listings" WHERE "listings"."id" = ? LIMIT ?[0m  [["id", 1], ["LIMIT", 1]]
  ↳ app/controllers/listings_controller.rb:13
  Rendering listings/show.html.erb within layouts/application
  Rendered listings/show.html.erb within layouts/application (0.5ms)
Completed 200 OK in 37ms (Views: 29.0ms | ActiveRecord: 0.9ms)


  [1m[35m (0.2ms)[0m  [1m[36mbegin transaction[0m
  [1m[36mListing Create (13.6ms)[0m  [1m[32mINSERT INTO "listings" ("created_at", "updated_at", "title") VALUES (?, ?, ?)[0m  [["created_at", "2019-09-24 14:11:21.519317"], ["updated_at", "2019-09-24 14:11:21.519317"], ["title", "Data Mining Student Assistant"]]
  [1m[35m (19.4ms)[0m  [1m[36mcommit transaction[0m
Started GET "/listings/" for ::1 at 2019-09-24 16:11:37 +0200
  
SyntaxError (/mnt/c/code/arboreal_menace/app/controllers/listings_controller.rb:90: syntax error, unexpected end-of-input, expecting end):
  
app/controllers/listings_controller.rb:90: syntax error, unexpected end-of-input, expecting end
Started GET "/listings/" for ::1 at 2019-09-24 16:11:43 +0200
  
SyntaxError (/mnt/c/code/arboreal_menace/app/controllers/listings_controller.rb:90: syntax error, unexpected end-of-input, expecting end):
  
app/controllers/listings_controller.rb:90: syntax error, unexpected end-of-input, expecting end
Started GET "/listings/1" for ::1 at 2019-09-24 16:12:08 +0200
  
SyntaxError (/mnt/c/code/arboreal_menace/app/controllers/listings_controller.rb:90: syntax error, unexpected end-of-input, expecting end):
  
app/controllers/listings_controller.rb:90: syntax error, unexpected end-of-input, expecting end
Started GET "/listings/1" for ::1 at 2019-09-24 16:12:27 +0200
  
SyntaxError (/mnt/c/code/arboreal_menace/app/controllers/listings_controller.rb:84: syntax error, unexpected end-of-input, expecting end):
  
app/controllers/listings_controller.rb:84: syntax error, unexpected end-of-input, expecting end
Started GET "/listings/1" for ::1 at 2019-09-24 16:12:39 +0200
  
SyntaxError (/mnt/c/code/arboreal_menace/app/controllers/listings_controller.rb:84: syntax error, unexpected end-of-input, expecting end):
  
app/controllers/listings_controller.rb:84: syntax error, unexpected end-of-input, expecting end
Started GET "/listings/1" for ::1 at 2019-09-24 16:13:11 +0200
Processing by ListingsController#show as */*
  Parameters: {"id"=>"1"}
  [1m[36mListing Load (0.2ms)[0m  [1m[34mSELECT  "listings".* FROM "listings" WHERE "listings"."id" = ? LIMIT ?[0m  [["id", 1], ["LIMIT", 1]]
  ↳ app/controllers/listings_controller.rb:81
  [1m[36mCACHE Listing Load (0.0ms)[0m  [1m[34mSELECT  "listings".* FROM "listings" WHERE "listings"."id" = ? LIMIT ?[0m  [["id", 1], ["LIMIT", 1]]
  ↳ app/controllers/listings_controller.rb:18
  Rendering listings/show.html.erb within layouts/application
  Rendered listings/show.html.erb within layouts/application (0.7ms)
Completed 200 OK in 58ms (Views: 40.7ms | ActiveRecord: 1.4ms)


Started GET "/listings/1?accept=application/json" for ::1 at 2019-09-24 16:15:41 +0200
Processing by ListingsController#show as */*
  Parameters: {"accept"=>"application/json", "id"=>"1"}
  [1m[36mListing Load (0.3ms)[0m  [1m[34mSELECT  "listings".* FROM "listings" WHERE "listings"."id" = ? LIMIT ?[0m  [["id", 1], ["LIMIT", 1]]
  ↳ app/controllers/listings_controller.rb:81
  [1m[36mCACHE Listing Load (0.0ms)[0m  [1m[34mSELECT  "listings".* FROM "listings" WHERE "listings"."id" = ? LIMIT ?[0m  [["id", 1], ["LIMIT", 1]]
  ↳ app/controllers/listings_controller.rb:18
  Rendering listings/show.html.erb within layouts/application
  Rendered listings/show.html.erb within layouts/application (1.0ms)
Completed 200 OK in 66ms (Views: 60.2ms | ActiveRecord: 0.3ms)


Started GET "/listings/1" for ::1 at 2019-09-24 16:15:57 +0200
Processing by ListingsController#show as */*
  Parameters: {"id"=>"1"}
  [1m[36mListing Load (0.3ms)[0m  [1m[34mSELECT  "listings".* FROM "listings" WHERE "listings"."id" = ? LIMIT ?[0m  [["id", 1], ["LIMIT", 1]]
  ↳ app/controllers/listings_controller.rb:81
  [1m[36mCACHE Listing Load (0.0ms)[0m  [1m[34mSELECT  "listings".* FROM "listings" WHERE "listings"."id" = ? LIMIT ?[0m  [["id", 1], ["LIMIT", 1]]
  ↳ app/controllers/listings_controller.rb:18
  Rendering listings/show.html.erb within layouts/application
  Rendered listings/show.html.erb within layouts/application (0.8ms)
Completed 200 OK in 63ms (Views: 39.6ms | ActiveRecord: 0.3ms)


Started GET "/listings/1" for ::1 at 2019-09-24 16:16:55 +0200
Processing by ListingsController#show as JSON
  Parameters: {"id"=>"1"}
  [1m[36mListing Load (0.2ms)[0m  [1m[34mSELECT  "listings".* FROM "listings" WHERE "listings"."id" = ? LIMIT ?[0m  [["id", 1], ["LIMIT", 1]]
  ↳ app/controllers/listings_controller.rb:81
  [1m[36mCACHE Listing Load (0.1ms)[0m  [1m[34mSELECT  "listings".* FROM "listings" WHERE "listings"."id" = ? LIMIT ?[0m  [["id", 1], ["LIMIT", 1]]
  ↳ app/controllers/listings_controller.rb:18
Completed 200 OK in 5ms (Views: 0.5ms | ActiveRecord: 0.2ms)


Started GET "/listings/1" for ::1 at 2019-09-24 16:17:10 +0200
Processing by ListingsController#show as 
  Parameters: {"id"=>"1"}
  [1m[36mListing Load (0.3ms)[0m  [1m[34mSELECT  "listings".* FROM "listings" WHERE "listings"."id" = ? LIMIT ?[0m  [["id", 1], ["LIMIT", 1]]
  ↳ app/controllers/listings_controller.rb:81
  [1m[36mCACHE Listing Load (0.0ms)[0m  [1m[34mSELECT  "listings".* FROM "listings" WHERE "listings"."id" = ? LIMIT ?[0m  [["id", 1], ["LIMIT", 1]]
  ↳ app/controllers/listings_controller.rb:18
Completed 406 Not Acceptable in 6ms (ActiveRecord: 0.3ms)


  
ActionController::UnknownFormat (ActionController::UnknownFormat):
  
app/controllers/listings_controller.rb:19:in `show'
Started GET "/listings/1" for ::1 at 2019-09-24 16:17:39 +0200
Processing by ListingsController#show as JSON
  Parameters: {"id"=>"1"}
  [1m[36mListing Load (0.2ms)[0m  [1m[34mSELECT  "listings".* FROM "listings" WHERE "listings"."id" = ? LIMIT ?[0m  [["id", 1], ["LIMIT", 1]]
  ↳ app/controllers/listings_controller.rb:81
  [1m[36mCACHE Listing Load (0.0ms)[0m  [1m[34mSELECT  "listings".* FROM "listings" WHERE "listings"."id" = ? LIMIT ?[0m  [["id", 1], ["LIMIT", 1]]
  ↳ app/controllers/listings_controller.rb:18
Completed 200 OK in 4ms (Views: 0.3ms | ActiveRecord: 0.3ms)


Started GET "/listings/1" for ::1 at 2019-09-24 16:17:47 +0200
Processing by ListingsController#show as 
  Parameters: {"id"=>"1"}
  [1m[36mListing Load (0.4ms)[0m  [1m[34mSELECT  "listings".* FROM "listings" WHERE "listings"."id" = ? LIMIT ?[0m  [["id", 1], ["LIMIT", 1]]
  ↳ app/controllers/listings_controller.rb:81
  [1m[36mCACHE Listing Load (0.0ms)[0m  [1m[34mSELECT  "listings".* FROM "listings" WHERE "listings"."id" = ? LIMIT ?[0m  [["id", 1], ["LIMIT", 1]]
  ↳ app/controllers/listings_controller.rb:18
Completed 406 Not Acceptable in 14ms (ActiveRecord: 0.4ms)


  
ActionController::UnknownFormat (ActionController::UnknownFormat):
  
app/controllers/listings_controller.rb:19:in `show'
Started GET "/listings/1" for ::1 at 2019-09-24 16:17:55 +0200
Processing by ListingsController#show as HTML
  Parameters: {"id"=>"1"}
  [1m[36mListing Load (0.2ms)[0m  [1m[34mSELECT  "listings".* FROM "listings" WHERE "listings"."id" = ? LIMIT ?[0m  [["id", 1], ["LIMIT", 1]]
  ↳ app/controllers/listings_controller.rb:81
  [1m[36mCACHE Listing Load (0.0ms)[0m  [1m[34mSELECT  "listings".* FROM "listings" WHERE "listings"."id" = ? LIMIT ?[0m  [["id", 1], ["LIMIT", 1]]
  ↳ app/controllers/listings_controller.rb:18
  Rendering listings/show.html.erb within layouts/application
  Rendered listings/show.html.erb within layouts/application (0.5ms)
Completed 200 OK in 36ms (Views: 31.7ms | ActiveRecord: 0.2ms)


Started GET "/listings/1" for ::1 at 2019-09-24 16:18:22 +0200
Processing by ListingsController#show as HTML
  Parameters: {"id"=>"1"}
  [1m[36mListing Load (0.2ms)[0m  [1m[34mSELECT  "listings".* FROM "listings" WHERE "listings"."id" = ? LIMIT ?[0m  [["id", 1], ["LIMIT", 1]]
  ↳ app/controllers/listings_controller.rb:81
  [1m[36mCACHE Listing Load (0.0ms)[0m  [1m[34mSELECT  "listings".* FROM "listings" WHERE "listings"."id" = ? LIMIT ?[0m  [["id", 1], ["LIMIT", 1]]
  ↳ app/controllers/listings_controller.rb:18
  Rendering listings/show.html.erb within layouts/application
  Rendered listings/show.html.erb within layouts/application (0.6ms)
Completed 200 OK in 50ms (Views: 46.4ms | ActiveRecord: 0.3ms)


Started GET "/listings/1" for ::1 at 2019-09-24 16:18:41 +0200
Processing by ListingsController#show as JSON
  Parameters: {"id"=>"1"}
  [1m[36mListing Load (0.6ms)[0m  [1m[34mSELECT  "listings".* FROM "listings" WHERE "listings"."id" = ? LIMIT ?[0m  [["id", 1], ["LIMIT", 1]]
  ↳ app/controllers/listings_controller.rb:81
  [1m[36mCACHE Listing Load (0.0ms)[0m  [1m[34mSELECT  "listings".* FROM "listings" WHERE "listings"."id" = ? LIMIT ?[0m  [["id", 1], ["LIMIT", 1]]
  ↳ app/controllers/listings_controller.rb:18
Completed 200 OK in 7ms (Views: 0.3ms | ActiveRecord: 0.6ms)


